\BOOKMARK [1][-]{section.1}{Johdanto}{}% 1
\BOOKMARK [1][-]{section.2}{Ohjelmistotuotantomenetelm\344t}{}% 2
\BOOKMARK [2][-]{subsection.2.1}{Vesiputousmalli}{section.2}% 3
\BOOKMARK [3][-]{subsubsection.2.1.1}{Vaiheet}{subsection.2.1}% 4
\BOOKMARK [3][-]{subsubsection.2.1.2}{Ohjelmiston suunnittelu}{subsection.2.1}% 5
\BOOKMARK [3][-]{subsubsection.2.1.3}{Dokumentointi}{subsection.2.1}% 6
\BOOKMARK [3][-]{subsubsection.2.1.4}{Toinen versio}{subsection.2.1}% 7
\BOOKMARK [3][-]{subsubsection.2.1.5}{Testaus}{subsection.2.1}% 8
\BOOKMARK [3][-]{subsubsection.2.1.6}{Asiakas}{subsection.2.1}% 9
\BOOKMARK [2][-]{subsection.2.2}{Iteratiiviset menetelm\344t}{section.2}% 10
\BOOKMARK [3][-]{subsubsection.2.2.1}{Vesiputousmallin heikkous}{subsection.2.2}% 11
\BOOKMARK [3][-]{subsubsection.2.2.2}{Iteratiivinen ja inkrementaalinen}{subsection.2.2}% 12
\BOOKMARK [3][-]{subsubsection.2.2.3}{Spiraalimalli}{subsection.2.2}% 13
\BOOKMARK [2][-]{subsection.2.3}{Ketter\344t kehitysmenetelm\344t}{section.2}% 14
\BOOKMARK [1][-]{section.3}{Ohjelmistojen laadun varmistus}{}% 15
\BOOKMARK [2][-]{subsection.3.1}{Ohjelmistotuotannon ominaispiirteet}{section.3}% 16
\BOOKMARK [3][-]{subsubsection.3.1.1}{Ep\344varmuus}{subsection.3.1}% 17
\BOOKMARK [3][-]{subsubsection.3.1.2}{Keskin\344iset riipuvuudet}{subsection.3.1}% 18
\BOOKMARK [3][-]{subsubsection.3.1.3}{Ep\344virallinen keskustelu}{subsection.3.1}% 19
\BOOKMARK [3][-]{subsubsection.3.1.4}{Kymmenen ohjelmistotuotannon riski\344}{subsection.3.1}% 20
\BOOKMARK [1][-]{section.4}{Ohjelmistotuotantomenetelm\344n valinta}{}% 21
\BOOKMARK [2][-]{subsection.4.1}{Ennustettavuus}{section.4}% 22
\BOOKMARK [2][-]{subsection.4.2}{Muuttuva liiketoimintaymp\344rist\366}{section.4}% 23
\BOOKMARK [2][-]{subsection.4.3}{Organisaation koko}{section.4}% 24
\BOOKMARK [2][-]{subsection.4.4}{Kehitt\344jien taidot}{section.4}% 25
\BOOKMARK [2][-]{subsection.4.5}{}{section.4}% 26
\BOOKMARK [1][-]{section.5}{}{}% 27
\BOOKMARK [1][-]{section.6}{}{}% 28
\BOOKMARK [1][-]{section.7}{L\344hteet}{}% 29
