\BOOKMARK [1][-]{section.1}{Johdanto}{}% 1
\BOOKMARK [1][-]{section.2}{Ohjelmistotuotantomenetelm\344t}{}% 2
\BOOKMARK [2][-]{subsection.2.1}{Vesiputousmalli}{section.2}% 3
\BOOKMARK [3][-]{subsubsection.2.1.1}{Vaiheet}{subsection.2.1}% 4
\BOOKMARK [3][-]{subsubsection.2.1.2}{Ohjelmiston suunnittelu}{subsection.2.1}% 5
\BOOKMARK [3][-]{subsubsection.2.1.3}{Dokumentointi}{subsection.2.1}% 6
\BOOKMARK [3][-]{subsubsection.2.1.4}{Toinen versio}{subsection.2.1}% 7
\BOOKMARK [3][-]{subsubsection.2.1.5}{Testaus}{subsection.2.1}% 8
\BOOKMARK [3][-]{subsubsection.2.1.6}{Asikas}{subsection.2.1}% 9
\BOOKMARK [2][-]{subsection.2.2}{Itratiivinen menetelm\344}{section.2}% 10
\BOOKMARK [2][-]{subsection.2.3}{Ketter\344t kehitysmenetelm\344t}{section.2}% 11
\BOOKMARK [1][-]{section.3}{Ohjelmistojen laadun varmistus}{}% 12
\BOOKMARK [2][-]{subsection.3.1}{Laadun varmistus vesiputousmallissa}{section.3}% 13
\BOOKMARK [2][-]{subsection.3.2}{Laadun varmistus ketteriss\344 menetelmiss\344}{section.3}% 14
\BOOKMARK [1][-]{section.4}{Ohjelmistotuotantomenetelm\344n valinta}{}% 15
\BOOKMARK [2][-]{subsection.4.1}{Ohjelmistotuotannon riskit}{section.4}% 16
\BOOKMARK [2][-]{subsection.4.2}{Ennustettavuus}{section.4}% 17
\BOOKMARK [2][-]{subsection.4.3}{Muuttuva liiketoimintaymp\344rist\366}{section.4}% 18
\BOOKMARK [2][-]{subsection.4.4}{Organisaation koko}{section.4}% 19
\BOOKMARK [2][-]{subsection.4.5}{Kehitt\344jien taidot}{section.4}% 20
\BOOKMARK [2][-]{subsection.4.6}{}{section.4}% 21
\BOOKMARK [1][-]{section.5}{}{}% 22
\BOOKMARK [1][-]{section.6}{}{}% 23
