This is pdfTeX, Version 3.1415926-1.40.10 (TeX Live 2009/Debian) (format=pdflatex 2012.9.17)  30 APR 2013 01:19
entering extended mode
 %&-line parsing enabled.
**kandi
(./kandi.tex
LaTeX2e <2009/09/24>
Babel <v3.8l> and hyphenation patterns for english, usenglishmax, dumylang, noh
yphenation, loaded.

! LaTeX Error: Missing \begin{document}.

See the LaTeX manual or LaTeX Companion for explanation.
Type  H <return>  for immediate help.
 ...                                              
                                                  
l.1 g
     % --- Template for thesis / report with tktltiki2 class ---
? 
Missing character: There is no g in font nullfont!

Overfull \hbox (20.0pt too wide) in paragraph at lines 1--2
[] 
 []

(./tktltiki2.cls
Document Class: tktltiki2 2013/01/09 v1.0 Template for theses and seminar paper
s at University of Helsinki CS department
(/usr/share/texmf-texlive/tex/latex/tools/calc.sty
Package: calc 2007/08/22 v4.3 Infix arithmetic (KKT,FJ)
\calc@Acount=\count79
\calc@Bcount=\count80
\calc@Adimen=\dimen102
\calc@Bdimen=\dimen103
\calc@Askip=\skip41
\calc@Bskip=\skip42
LaTeX Info: Redefining \setlength on input line 76.
LaTeX Info: Redefining \addtolength on input line 77.
\calc@Ccount=\count81
\calc@Cskip=\skip43
)
(/usr/share/texmf-texlive/tex/latex/geometry/geometry.sty
Package: geometry 2008/12/21 v4.2 Page Geometry

(/usr/share/texmf-texlive/tex/latex/graphics/keyval.sty
Package: keyval 1999/03/16 v1.13 key=value parser (DPC)
\KV@toks@=\toks14
)
(/usr/share/texmf-texlive/tex/generic/oberdiek/ifpdf.sty
Package: ifpdf 2009/04/10 v2.0 Provides the ifpdf switch (HO)
Package ifpdf Info: pdfTeX in pdf mode detected.
)
(/usr/share/texmf-texlive/tex/generic/oberdiek/ifvtex.sty
Package: ifvtex 2008/11/04 v1.4 Switches for detecting VTeX and its modes (HO)
Package ifvtex Info: VTeX not detected.
)
\Gm@cnth=\count82
\Gm@cntv=\count83
\c@Gm@tempcnt=\count84
\Gm@bindingoffset=\dimen104
\Gm@wd@mp=\dimen105
\Gm@odd@mp=\dimen106
\Gm@even@mp=\dimen107
\Gm@dimlist=\toks15
)

LaTeX Warning: You have requested, on input line 4, version
               `2010/09/12 v5.6 Page Geometry' of package geometry,
               but only version
               `2008/12/21 v4.2 Page Geometry'
               is available.

(/usr/share/texmf-texlive/tex/generic/babel/babel.sty
Package: babel 2008/07/06 v3.8l The Babel package

(/usr/share/texmf-texlive/tex/generic/babel/finnish.ldf
Language: finnish 2007/10/20 v1.3q Finnish support from the babel system

(/usr/share/texmf-texlive/tex/generic/babel/babel.def
File: babel.def 2008/07/06 v3.8l Babel common definitions
\babel@savecnt=\count85
\U@D=\dimen108
)

Package babel Warning: No hyphenation patterns were loaded for
(babel)                the language `Finnish'
(babel)                I will use the patterns loaded for \language=0 instead.

\l@finnish = a dialect from \language0
Package babel Info: Making " an active character on input line 89.
)) (/usr/share/texmf-texlive/tex/latex/base/article.cls
Document Class: article 2007/10/19 v1.4h Standard LaTeX document class
(/usr/share/texmf-texlive/tex/latex/base/size11.clo
File: size11.clo 2007/10/19 v1.4h Standard LaTeX file (size option)
)
\c@part=\count86
\c@section=\count87
\c@subsection=\count88
\c@subsubsection=\count89
\c@paragraph=\count90
\c@subparagraph=\count91
\c@figure=\count92
\c@table=\count93
\abovecaptionskip=\skip44
\belowcaptionskip=\skip45
\bibindent=\dimen109
 [1{/var/lib/texmf/fonts/map/pdftex/updmap/pdftex.map}])

! Package babel Error: You haven't defined the language swedish yet.

See the babel package documentation for explanation.
Type  H <return>  for immediate help.
 ...                                              
                                                  
l.89 \iflanguage{swedish}
                         {
? 
) (/usr/share/texmf-texlive/tex/latex/base/inputenc.sty
Package: inputenc 2008/03/30 v1.1d Input encoding file
\inpenc@prehook=\toks16
\inpenc@posthook=\toks17

(/usr/share/texmf-texlive/tex/latex/base/utf8.def
File: utf8.def 2008/04/05 v1.1m UTF-8 support for inputenc
Now handling font encoding OML ...
... no UTF-8 mapping file for font encoding OML
Now handling font encoding T1 ...
... processing UTF-8 mapping file for font encoding T1

(/usr/share/texmf-texlive/tex/latex/base/t1enc.dfu
File: t1enc.dfu 2008/04/05 v1.1m UTF-8 support for inputenc
   defining Unicode char U+00A1 (decimal 161)
   defining Unicode char U+00A3 (decimal 163)
   defining Unicode char U+00AB (decimal 171)
   defining Unicode char U+00BB (decimal 187)
   defining Unicode char U+00BF (decimal 191)
   defining Unicode char U+00C0 (decimal 192)
   defining Unicode char U+00C1 (decimal 193)
   defining Unicode char U+00C2 (decimal 194)
   defining Unicode char U+00C3 (decimal 195)
   defining Unicode char U+00C4 (decimal 196)
   defining Unicode char U+00C5 (decimal 197)
   defining Unicode char U+00C6 (decimal 198)
   defining Unicode char U+00C7 (decimal 199)
   defining Unicode char U+00C8 (decimal 200)
   defining Unicode char U+00C9 (decimal 201)
   defining Unicode char U+00CA (decimal 202)
   defining Unicode char U+00CB (decimal 203)
   defining Unicode char U+00CC (decimal 204)
   defining Unicode char U+00CD (decimal 205)
   defining Unicode char U+00CE (decimal 206)
   defining Unicode char U+00CF (decimal 207)
   defining Unicode char U+00D0 (decimal 208)
   defining Unicode char U+00D1 (decimal 209)
   defining Unicode char U+00D2 (decimal 210)
   defining Unicode char U+00D3 (decimal 211)
   defining Unicode char U+00D4 (decimal 212)
   defining Unicode char U+00D5 (decimal 213)
   defining Unicode char U+00D6 (decimal 214)
   defining Unicode char U+00D8 (decimal 216)
   defining Unicode char U+00D9 (decimal 217)
   defining Unicode char U+00DA (decimal 218)
   defining Unicode char U+00DB (decimal 219)
   defining Unicode char U+00DC (decimal 220)
   defining Unicode char U+00DD (decimal 221)
   defining Unicode char U+00DE (decimal 222)
   defining Unicode char U+00DF (decimal 223)
   defining Unicode char U+00E0 (decimal 224)
   defining Unicode char U+00E1 (decimal 225)
   defining Unicode char U+00E2 (decimal 226)
   defining Unicode char U+00E3 (decimal 227)
   defining Unicode char U+00E4 (decimal 228)
   defining Unicode char U+00E5 (decimal 229)
   defining Unicode char U+00E6 (decimal 230)
   defining Unicode char U+00E7 (decimal 231)
   defining Unicode char U+00E8 (decimal 232)
   defining Unicode char U+00E9 (decimal 233)
   defining Unicode char U+00EA (decimal 234)
   defining Unicode char U+00EB (decimal 235)
   defining Unicode char U+00EC (decimal 236)
   defining Unicode char U+00ED (decimal 237)
   defining Unicode char U+00EE (decimal 238)
   defining Unicode char U+00EF (decimal 239)
   defining Unicode char U+00F0 (decimal 240)
   defining Unicode char U+00F1 (decimal 241)
   defining Unicode char U+00F2 (decimal 242)
   defining Unicode char U+00F3 (decimal 243)
   defining Unicode char U+00F4 (decimal 244)
   defining Unicode char U+00F5 (decimal 245)
   defining Unicode char U+00F6 (decimal 246)
   defining Unicode char U+00F8 (decimal 248)
   defining Unicode char U+00F9 (decimal 249)
   defining Unicode char U+00FA (decimal 250)
   defining Unicode char U+00FB (decimal 251)
   defining Unicode char U+00FC (decimal 252)
   defining Unicode char U+00FD (decimal 253)
   defining Unicode char U+00FE (decimal 254)
   defining Unicode char U+00FF (decimal 255)
   defining Unicode char U+0102 (decimal 258)
   defining Unicode char U+0103 (decimal 259)
   defining Unicode char U+0104 (decimal 260)
   defining Unicode char U+0105 (decimal 261)
   defining Unicode char U+0106 (decimal 262)
   defining Unicode char U+0107 (decimal 263)
   defining Unicode char U+010C (decimal 268)
   defining Unicode char U+010D (decimal 269)
   defining Unicode char U+010E (decimal 270)
   defining Unicode char U+010F (decimal 271)
   defining Unicode char U+0110 (decimal 272)
   defining Unicode char U+0111 (decimal 273)
   defining Unicode char U+0118 (decimal 280)
   defining Unicode char U+0119 (decimal 281)
   defining Unicode char U+011A (decimal 282)
   defining Unicode char U+011B (decimal 283)
   defining Unicode char U+011E (decimal 286)
   defining Unicode char U+011F (decimal 287)
   defining Unicode char U+0130 (decimal 304)
   defining Unicode char U+0131 (decimal 305)
   defining Unicode char U+0132 (decimal 306)
   defining Unicode char U+0133 (decimal 307)
   defining Unicode char U+0139 (decimal 313)
   defining Unicode char U+013A (decimal 314)
   defining Unicode char U+013D (decimal 317)
   defining Unicode char U+013E (decimal 318)
   defining Unicode char U+0141 (decimal 321)
   defining Unicode char U+0142 (decimal 322)
   defining Unicode char U+0143 (decimal 323)
   defining Unicode char U+0144 (decimal 324)
   defining Unicode char U+0147 (decimal 327)
   defining Unicode char U+0148 (decimal 328)
   defining Unicode char U+014A (decimal 330)
   defining Unicode char U+014B (decimal 331)
   defining Unicode char U+0150 (decimal 336)
   defining Unicode char U+0151 (decimal 337)
   defining Unicode char U+0152 (decimal 338)
   defining Unicode char U+0153 (decimal 339)
   defining Unicode char U+0154 (decimal 340)
   defining Unicode char U+0155 (decimal 341)
   defining Unicode char U+0158 (decimal 344)
   defining Unicode char U+0159 (decimal 345)
   defining Unicode char U+015A (decimal 346)
   defining Unicode char U+015B (decimal 347)
   defining Unicode char U+015E (decimal 350)
   defining Unicode char U+015F (decimal 351)
   defining Unicode char U+0160 (decimal 352)
   defining Unicode char U+0161 (decimal 353)
   defining Unicode char U+0162 (decimal 354)
   defining Unicode char U+0163 (decimal 355)
   defining Unicode char U+0164 (decimal 356)
   defining Unicode char U+0165 (decimal 357)
   defining Unicode char U+016E (decimal 366)
   defining Unicode char U+016F (decimal 367)
   defining Unicode char U+0170 (decimal 368)
   defining Unicode char U+0171 (decimal 369)
   defining Unicode char U+0178 (decimal 376)
   defining Unicode char U+0179 (decimal 377)
   defining Unicode char U+017A (decimal 378)
   defining Unicode char U+017B (decimal 379)
   defining Unicode char U+017C (decimal 380)
   defining Unicode char U+017D (decimal 381)
   defining Unicode char U+017E (decimal 382)
   defining Unicode char U+200C (decimal 8204)
   defining Unicode char U+2013 (decimal 8211)
   defining Unicode char U+2014 (decimal 8212)
   defining Unicode char U+2018 (decimal 8216)
   defining Unicode char U+2019 (decimal 8217)
   defining Unicode char U+201A (decimal 8218)
   defining Unicode char U+201C (decimal 8220)
   defining Unicode char U+201D (decimal 8221)
   defining Unicode char U+201E (decimal 8222)
   defining Unicode char U+2030 (decimal 8240)
   defining Unicode char U+2031 (decimal 8241)
   defining Unicode char U+2039 (decimal 8249)
   defining Unicode char U+203A (decimal 8250)
   defining Unicode char U+2423 (decimal 9251)
)
Now handling font encoding OT1 ...
... processing UTF-8 mapping file for font encoding OT1

(/usr/share/texmf-texlive/tex/latex/base/ot1enc.dfu
File: ot1enc.dfu 2008/04/05 v1.1m UTF-8 support for inputenc
   defining Unicode char U+00A1 (decimal 161)
   defining Unicode char U+00A3 (decimal 163)
   defining Unicode char U+00B8 (decimal 184)
   defining Unicode char U+00BF (decimal 191)
   defining Unicode char U+00C5 (decimal 197)
   defining Unicode char U+00C6 (decimal 198)
   defining Unicode char U+00D8 (decimal 216)
   defining Unicode char U+00DF (decimal 223)
   defining Unicode char U+00E6 (decimal 230)
   defining Unicode char U+00EC (decimal 236)
   defining Unicode char U+00ED (decimal 237)
   defining Unicode char U+00EE (decimal 238)
   defining Unicode char U+00EF (decimal 239)
   defining Unicode char U+00F8 (decimal 248)
   defining Unicode char U+0131 (decimal 305)
   defining Unicode char U+0141 (decimal 321)
   defining Unicode char U+0142 (decimal 322)
   defining Unicode char U+0152 (decimal 338)
   defining Unicode char U+0153 (decimal 339)
   defining Unicode char U+2013 (decimal 8211)
   defining Unicode char U+2014 (decimal 8212)
   defining Unicode char U+2018 (decimal 8216)
   defining Unicode char U+2019 (decimal 8217)
   defining Unicode char U+201C (decimal 8220)
   defining Unicode char U+201D (decimal 8221)
)
Now handling font encoding OMS ...
... processing UTF-8 mapping file for font encoding OMS

(/usr/share/texmf-texlive/tex/latex/base/omsenc.dfu
File: omsenc.dfu 2008/04/05 v1.1m UTF-8 support for inputenc
   defining Unicode char U+00A7 (decimal 167)
   defining Unicode char U+00B6 (decimal 182)
   defining Unicode char U+00B7 (decimal 183)
   defining Unicode char U+2020 (decimal 8224)
   defining Unicode char U+2021 (decimal 8225)
   defining Unicode char U+2022 (decimal 8226)
)
Now handling font encoding OMX ...
... no UTF-8 mapping file for font encoding OMX
Now handling font encoding U ...
... no UTF-8 mapping file for font encoding U
   defining Unicode char U+00A9 (decimal 169)
   defining Unicode char U+00AA (decimal 170)
   defining Unicode char U+00AE (decimal 174)
   defining Unicode char U+00BA (decimal 186)
   defining Unicode char U+02C6 (decimal 710)
   defining Unicode char U+02DC (decimal 732)
   defining Unicode char U+200C (decimal 8204)
   defining Unicode char U+2026 (decimal 8230)
   defining Unicode char U+2122 (decimal 8482)
   defining Unicode char U+2423 (decimal 9251)
))
(/usr/share/texmf/tex/latex/lm/lmodern.sty
Package: lmodern 2009/10/30 v1.6 Latin Modern Fonts
LaTeX Font Info:    Overwriting symbol font `operators' in version `normal'
(Font)                  OT1/cmr/m/n --> OT1/lmr/m/n on input line 22.
LaTeX Font Info:    Overwriting symbol font `letters' in version `normal'
(Font)                  OML/cmm/m/it --> OML/lmm/m/it on input line 23.
LaTeX Font Info:    Overwriting symbol font `symbols' in version `normal'
(Font)                  OMS/cmsy/m/n --> OMS/lmsy/m/n on input line 24.
LaTeX Font Info:    Overwriting symbol font `largesymbols' in version `normal'
(Font)                  OMX/cmex/m/n --> OMX/lmex/m/n on input line 25.
LaTeX Font Info:    Overwriting symbol font `operators' in version `bold'
(Font)                  OT1/cmr/bx/n --> OT1/lmr/bx/n on input line 26.
LaTeX Font Info:    Overwriting symbol font `letters' in version `bold'
(Font)                  OML/cmm/b/it --> OML/lmm/b/it on input line 27.
LaTeX Font Info:    Overwriting symbol font `symbols' in version `bold'
(Font)                  OMS/cmsy/b/n --> OMS/lmsy/b/n on input line 28.
LaTeX Font Info:    Overwriting symbol font `largesymbols' in version `bold'
(Font)                  OMX/cmex/m/n --> OMX/lmex/m/n on input line 29.
LaTeX Font Info:    Overwriting math alphabet `\mathbf' in version `normal'
(Font)                  OT1/cmr/bx/n --> OT1/lmr/bx/n on input line 31.
LaTeX Font Info:    Overwriting math alphabet `\mathsf' in version `normal'
(Font)                  OT1/cmss/m/n --> OT1/lmss/m/n on input line 32.
LaTeX Font Info:    Overwriting math alphabet `\mathit' in version `normal'
(Font)                  OT1/cmr/m/it --> OT1/lmr/m/it on input line 33.
LaTeX Font Info:    Overwriting math alphabet `\mathtt' in version `normal'
(Font)                  OT1/cmtt/m/n --> OT1/lmtt/m/n on input line 34.
LaTeX Font Info:    Overwriting math alphabet `\mathbf' in version `bold'
(Font)                  OT1/cmr/bx/n --> OT1/lmr/bx/n on input line 35.
LaTeX Font Info:    Overwriting math alphabet `\mathsf' in version `bold'
(Font)                  OT1/cmss/bx/n --> OT1/lmss/bx/n on input line 36.
LaTeX Font Info:    Overwriting math alphabet `\mathit' in version `bold'
(Font)                  OT1/cmr/bx/it --> OT1/lmr/bx/it on input line 37.
LaTeX Font Info:    Overwriting math alphabet `\mathtt' in version `bold'
(Font)                  OT1/cmtt/m/n --> OT1/lmtt/m/n on input line 38.
)

! LaTeX Error: File `microtype.sty' not found.

Type X to quit or <RETURN> to proceed,
or enter new name. (Default extension: sty)

Enter file name: 
(/usr/share/texmf-texlive/tex/latex/amsfonts/amsfonts.sty
Package: amsfonts 2009/06/22 v3.00 Basic AMSFonts support
\@emptytoks=\toks18
\symAMSa=\mathgroup4
\symAMSb=\mathgroup5
LaTeX Font Info:    Overwriting math alphabet `\mathfrak' in version `bold'
(Font)                  U/euf/m/n --> U/euf/b/n on input line 96.
)
(/usr/share/texmf-texlive/tex/latex/amsmath/amsmath.sty
Package: amsmath 2000/07/18 v2.13 AMS math features
\@mathmargin=\skip46

For additional information on amsmath, use the `?' option.
(/usr/share/texmf-texlive/tex/latex/amsmath/amstext.sty
Package: amstext 2000/06/29 v2.01

(/usr/share/texmf-texlive/tex/latex/amsmath/amsgen.sty
File: amsgen.sty 1999/11/30 v2.0
\@emptytoks=\toks19
\ex@=\dimen110
))
(/usr/share/texmf-texlive/tex/latex/amsmath/amsbsy.sty
Package: amsbsy 1999/11/29 v1.2d
\pmbraise@=\dimen111
)
(/usr/share/texmf-texlive/tex/latex/amsmath/amsopn.sty
Package: amsopn 1999/12/14 v2.01 operator names
)
\inf@bad=\count94
LaTeX Info: Redefining \frac on input line 211.
\uproot@=\count95
\leftroot@=\count96
LaTeX Info: Redefining \overline on input line 307.
\classnum@=\count97
\DOTSCASE@=\count98
LaTeX Info: Redefining \ldots on input line 379.
LaTeX Info: Redefining \dots on input line 382.
LaTeX Info: Redefining \cdots on input line 467.
\Mathstrutbox@=\box26
\strutbox@=\box27
\big@size=\dimen112
LaTeX Font Info:    Redeclaring font encoding OML on input line 567.
LaTeX Font Info:    Redeclaring font encoding OMS on input line 568.
\macc@depth=\count99
\c@MaxMatrixCols=\count100
\dotsspace@=\muskip10
\c@parentequation=\count101
\dspbrk@lvl=\count102
\tag@help=\toks20
\row@=\count103
\column@=\count104
\maxfields@=\count105
\andhelp@=\toks21
\eqnshift@=\dimen113
\alignsep@=\dimen114
\tagshift@=\dimen115
\tagwidth@=\dimen116
\totwidth@=\dimen117
\lineht@=\dimen118
\@envbody=\toks22
\multlinegap=\skip47
\multlinetaggap=\skip48
\mathdisplay@stack=\toks23
LaTeX Info: Redefining \[ on input line 2666.
LaTeX Info: Redefining \] on input line 2667.
)
(/usr/share/texmf-texlive/tex/latex/amsfonts/amssymb.sty
Package: amssymb 2009/06/22 v3.00
)
(/usr/share/texmf-texlive/tex/latex/amscls/amsthm.sty
Package: amsthm 2004/08/06 v2.20
\thm@style=\toks24
\thm@bodyfont=\toks25
\thm@headfont=\toks26
\thm@notefont=\toks27
\thm@headpunct=\toks28
\thm@preskip=\skip49
\thm@postskip=\skip50
\thm@headsep=\skip51
\dth@everypar=\toks29
)

! LaTeX Error: File `booktabs.sty' not found.

Type X to quit or <RETURN> to proceed,
or enter new name. (Default extension: sty)

Enter file name: 
(/usr/share/texmf-texlive/tex/latex/graphics/color.sty
Package: color 2005/11/14 v1.0j Standard LaTeX Color (DPC)

(/etc/texmf/tex/latex/config/color.cfg
File: color.cfg 2007/01/18 v1.5 color configuration of teTeX/TeXLive
)
Package color Info: Driver file: pdftex.def on input line 130.

(/usr/share/texmf-texlive/tex/latex/pdftex-def/pdftex.def
File: pdftex.def 2010/03/12 v0.04p Graphics/color for pdfTeX
\Gread@gobject=\count106
))

! LaTeX Error: File `enumitem.sty' not found.

Type X to quit or <RETURN> to proceed,
or enter new name. (Default extension: sty)

Enter file name: 
(/usr/share/texmf-texlive/tex/latex/graphics/graphicx.sty
Package: graphicx 1999/02/16 v1.0f Enhanced LaTeX Graphics (DPC,SPQR)

(/usr/share/texmf-texlive/tex/latex/graphics/graphics.sty
Package: graphics 2009/02/05 v1.0o Standard LaTeX Graphics (DPC,SPQR)

(/usr/share/texmf-texlive/tex/latex/graphics/trig.sty
Package: trig 1999/03/16 v1.09 sin cos tan (DPC)
)
(/etc/texmf/tex/latex/config/graphics.cfg
File: graphics.cfg 2009/08/28 v1.8 graphics configuration of TeX Live
)
Package graphics Info: Driver file: pdftex.def on input line 91.
)
\Gin@req@height=\dimen119
\Gin@req@width=\dimen120
)
(/usr/share/texmf-texlive/tex/latex/hyperref/hyperref.sty
Package: hyperref 2009/10/09 v6.79a Hypertext links for LaTeX

(/usr/share/texmf-texlive/tex/generic/ifxetex/ifxetex.sty
Package: ifxetex 2009/01/23 v0.5 Provides ifxetex conditional
)
(/usr/share/texmf-texlive/tex/latex/oberdiek/hycolor.sty
Package: hycolor 2009/10/02 v1.5 Code for color options of hyperref/bookmark (H
O)

(/usr/share/texmf-texlive/tex/latex/oberdiek/xcolor-patch.sty
Package: xcolor-patch 2009/10/02 xcolor patch
))
\@linkdim=\dimen121
\Hy@linkcounter=\count107
\Hy@pagecounter=\count108

(/usr/share/texmf-texlive/tex/latex/hyperref/pd1enc.def
File: pd1enc.def 2009/10/09 v6.79a Hyperref: PDFDocEncoding definition (HO)
Now handling font encoding PD1 ...
... no UTF-8 mapping file for font encoding PD1
)
(/usr/share/texmf-texlive/tex/generic/oberdiek/etexcmds.sty
Package: etexcmds 2007/12/12 v1.2 Prefix for e-TeX command names (HO)

(/usr/share/texmf-texlive/tex/generic/oberdiek/infwarerr.sty
Package: infwarerr 2007/09/09 v1.2 Providing info/warning/message (HO)
)
Package etexcmds Info: Could not find \expanded.
(etexcmds)             That can mean that you are not using pdfTeX 1.50 or
(etexcmds)             that some package has redefined \expanded.
(etexcmds)             In the latter case, load this package earlier.
)
(/usr/share/texmf-texlive/tex/latex/latexconfig/hyperref.cfg
File: hyperref.cfg 2002/06/06 v1.2 hyperref configuration of TeXLive
)
(/usr/share/texmf-texlive/tex/latex/oberdiek/kvoptions.sty
Package: kvoptions 2009/08/13 v3.4 Keyval support for LaTeX options (HO)

(/usr/share/texmf-texlive/tex/generic/oberdiek/kvsetkeys.sty
Package: kvsetkeys 2009/07/30 v1.5 Key value parser with default handler suppor
t (HO)
))

! Package keyval Error: hidelinks undefined.

See the keyval package documentation for explanation.
Type  H <return>  for immediate help.
 ...                                              
                                                  
l.2864 \ProcessKeyvalOptions{Hyp}
                                 
? 
Package hyperref Info: Hyper figures OFF on input line 2975.
Package hyperref Info: Link nesting OFF on input line 2980.
Package hyperref Info: Hyper index ON on input line 2983.
Package hyperref Info: Plain pages OFF on input line 2990.
Package hyperref Info: Backreferencing OFF on input line 2995.
Implicit mode ON; LaTeX internals redefined
Package hyperref Info: Bookmarks ON on input line 3191.
(/usr/share/texmf-texlive/tex/latex/ltxmisc/url.sty
\Urlmuskip=\muskip11
Package: url 2006/04/12  ver 3.3  Verb mode for urls, etc.
)
LaTeX Info: Redefining \url on input line 3428.

(/usr/share/texmf-texlive/tex/generic/oberdiek/bitset.sty
Package: bitset 2007/09/28 v1.0 Data type bit set (HO)

(/usr/share/texmf-texlive/tex/generic/oberdiek/intcalc.sty
Package: intcalc 2007/09/27 v1.1 Expandable integer calculations (HO)
)
(/usr/share/texmf-texlive/tex/generic/oberdiek/bigintcalc.sty
Package: bigintcalc 2007/11/11 v1.1 Expandable big integer calculations (HO)

(/usr/share/texmf-texlive/tex/generic/oberdiek/pdftexcmds.sty
Package: pdftexcmds 2009/09/23 v0.6 LuaTeX support for pdfTeX utility functions
 (HO)

(/usr/share/texmf-texlive/tex/generic/oberdiek/ifluatex.sty
Package: ifluatex 2009/04/17 v1.2 Provides the ifluatex switch (HO)
Package ifluatex Info: LuaTeX not detected.
)
(/usr/share/texmf-texlive/tex/generic/oberdiek/ltxcmds.sty
Package: ltxcmds 2009/08/05 v1.0 Some LaTeX kernel commands for general use (HO
)
)
Package pdftexcmds Info: LuaTeX not detected.
Package pdftexcmds Info: \pdf@primitive is available.
Package pdftexcmds Info: \pdf@ifprimitive is available.
)))
\Fld@menulength=\count109
\Field@Width=\dimen122
\Fld@charsize=\dimen123
\Field@toks=\toks30
Package hyperref Info: Hyper figures OFF on input line 4377.
Package hyperref Info: Link nesting OFF on input line 4382.
Package hyperref Info: Hyper index ON on input line 4385.
Package hyperref Info: backreferencing OFF on input line 4392.
Package hyperref Info: Link coloring OFF on input line 4397.
Package hyperref Info: Link coloring with OCG OFF on input line 4402.
Package hyperref Info: PDF/A mode OFF on input line 4407.

(/usr/share/texmf-texlive/tex/generic/oberdiek/atbegshi.sty
Package: atbegshi 2008/07/31 v1.9 At begin shipout hook (HO)
)
\Hy@abspage=\count110
\c@Item=\count111
\c@Hfootnote=\count112
)
*hyperref using driver hpdftex*
(/usr/share/texmf-texlive/tex/latex/hyperref/hpdftex.def
File: hpdftex.def 2009/10/09 v6.79a Hyperref driver for pdfTeX
\Fld@listcount=\count113
)
(/usr/share/texmf-texlive/tex/latex/babelbib/babelbib.sty
Package: babelbib 2009/10/10 v1.29 babelbib: multilingual bibliographies (HH)
)

! LaTeX Error: File `tocbibind.sty' not found.

Type X to quit or <RETURN> to proceed,
or enter new name. (Default extension: sty)

Enter file name: 

! LaTeX Error: Unknown option `nottoc' for package `tocbibind'.

See the LaTeX manual or LaTeX Companion for explanation.
Type  H <return>  for immediate help.
 ...                                              
                                                  
l.48 \settocbibname
                   {L채hteet}
? 

! LaTeX Error: Unknown option `numbib' for package `tocbibind'.

See the LaTeX manual or LaTeX Companion for explanation.
Type  H <return>  for immediate help.
 ...                                              
                                                  
l.48 \settocbibname
                   {L채hteet}
? 
! Undefined control sequence.
<recently read> \settocbibname 
                               
l.48 \settocbibname
                   {L채hteet}
? 

! LaTeX Error: Missing \begin{document}.

See the LaTeX manual or LaTeX Companion for explanation.
Type  H <return>  for immediate help.
 ...                                              
                                                  
l.48 \settocbibname{L
                     채hteet}
? 
\c@lau=\count114
\c@ong=\count115
(./kandi.aux)
\openout1 = `kandi.aux'.

LaTeX Font Info:    Checking defaults for OML/cmm/m/it on input line 103.
LaTeX Font Info:    ... okay on input line 103.
LaTeX Font Info:    Checking defaults for T1/cmr/m/n on input line 103.
LaTeX Font Info:    ... okay on input line 103.
LaTeX Font Info:    Checking defaults for OT1/cmr/m/n on input line 103.
LaTeX Font Info:    ... okay on input line 103.
LaTeX Font Info:    Checking defaults for OMS/cmsy/m/n on input line 103.
LaTeX Font Info:    ... okay on input line 103.
LaTeX Font Info:    Checking defaults for OMX/cmex/m/n on input line 103.
LaTeX Font Info:    ... okay on input line 103.
LaTeX Font Info:    Checking defaults for U/cmr/m/n on input line 103.
LaTeX Font Info:    ... okay on input line 103.
LaTeX Font Info:    Checking defaults for PD1/pdf/m/n on input line 103.
LaTeX Font Info:    ... okay on input line 103.
LaTeX Font Info:    Try loading font information for OT1+lmr on input line 103.

 (/usr/share/texmf/tex/latex/lm/ot1lmr.fd
File: ot1lmr.fd 2009/10/30 v1.6 Font defs for Latin Modern
)
*geometry auto-detecting driver*
*geometry detected driver: pdftex*
-------------------- Geometry parameters
'pass' is specified!! (disables the geometry layouter)
-------------------- Page layout dimensions and switches
\paperwidth  597.50787pt
\paperheight 845.04684pt
\textwidth  360.0pt
\textheight 595.80026pt
\oddsidemargin  46.0pt
\evensidemargin 46.0pt
\topmargin  18.0pt
\headheight 12.0pt
\headsep    25.0pt
\footskip   30.0pt
\marginparwidth 50.0pt
\marginparsep   10.0pt
\columnsep  10.0pt
\skip\footins  10.0pt plus 4.0pt minus 2.0pt
\hoffset 0.0pt
\voffset 0.0pt
\mag 1000

(1in=72.27pt, 1cm=28.45pt)
-----------------------
(/usr/share/texmf-texlive/tex/context/base/supp-pdf.mkii
[Loading MPS to PDF converter (version 2006.09.02).]
\scratchcounter=\count116
\scratchdimen=\dimen124
\scratchbox=\box28
\nofMPsegments=\count117
\nofMParguments=\count118
\everyMPshowfont=\toks31
\MPscratchCnt=\count119
\MPscratchDim=\dimen125
\MPnumerator=\count120
\everyMPtoPDFconversion=\toks32
)
Package hyperref Info: Link coloring OFF on input line 103.
 (/usr/share/texmf-texlive/tex/latex/hyperref/nameref.sty
Package: nameref 2007/05/29 v2.31 Cross-referencing by name of section

(/usr/share/texmf-texlive/tex/latex/oberdiek/refcount.sty
Package: refcount 2008/08/11 v3.1 Data extraction from references (HO)
)
\c@section@level=\count121
)
LaTeX Info: Redefining \ref on input line 103.
LaTeX Info: Redefining \pageref on input line 103.
 (./kandi.out)
(./kandi.out)
\@outlinefile=\write3
\openout3 = `kandi.out'.

\AtBeginShipoutBox=\box29

babelbib: Set bibliography fall-back language to finnish
(/usr/share/texmf-texlive/tex/latex/babelbib/finnish.bdf
File: finnish.bdf 2009/10/10 v1.29 babelbib: multilingual bibliographies (HH)

babelbib extension \btxifchangecaseoff added to \extrasfinnish
)
babelbib: Load BibTeX extensions \bibsfinnish for finnish
babelbib: Set language for keywords in the bibliography fixed to finnish
babelbib: Set language for keywords in the bibliography fixed to finnish
Package hyperref Info: Option `pageanchor' set `false' on input line 107.
[2

]
! Undefined control sequence.
\@maketitle -> \begin {titlepage}{ \newgeometry 
                                                {scale=0.7,marginratio={1:1,...
l.107 \maketitle
                        % title page
? 
\sideindent=\skip52
\lowerspace=\skip53
! Undefined control sequence.
\@maketitle ... \@city ,\ \@date \restoregeometry 
                                                  } \end {titlepage}\par 
l.107 \maketitle
                        % title page
? 
[1]
Package hyperref Info: Option `pageanchor' set `true' on input line 107.

! Undefined control sequence.
\makeabstract ...ispagestyle {empty} \newgeometry 
                                                  {textwidth=580pt, textheig...
l.108 \makeabstract
                        % abstract page
? 
! Undefined control sequence.
\makeabstract ... \end {picture} \restoregeometry 
                                                  \newpage 
l.108 \makeabstract
                        % abstract page
? 

Overfull \hbox (410.37738pt too wide) in paragraph at lines 108--108
[]\OT1/lmr/m/n/10.95 textwidth=580pt, tex-theight=845pt [] 
 []


Overfull \vbox (249.19974pt too high) has occurred while \output is active []


[1] (./kandi.toc
LaTeX Font Info:    Try loading font information for OML+lmm on input line 4.
 (/usr/share/texmf/tex/latex/lm/omllmm.fd
File: omllmm.fd 2009/10/30 v1.6 Font defs for Latin Modern
)
LaTeX Font Info:    Try loading font information for OMS+lmsy on input line 4.

(/usr/share/texmf/tex/latex/lm/omslmsy.fd
File: omslmsy.fd 2009/10/30 v1.6 Font defs for Latin Modern
)
LaTeX Font Info:    Try loading font information for OMX+lmex on input line 4.

(/usr/share/texmf/tex/latex/lm/omxlmex.fd
File: omxlmex.fd 2009/10/30 v1.6 Font defs for Latin Modern
)
LaTeX Font Info:    External font `lmex10' loaded for size
(Font)              <10.95> on input line 4.
LaTeX Font Info:    External font `lmex10' loaded for size
(Font)              <8> on input line 4.
LaTeX Font Info:    External font `lmex10' loaded for size
(Font)              <6> on input line 4.
LaTeX Font Info:    Try loading font information for U+msa on input line 4.

(/usr/share/texmf-texlive/tex/latex/amsfonts/umsa.fd
File: umsa.fd 2009/06/22 v3.00 AMS symbols A
)
LaTeX Font Info:    Try loading font information for U+msb on input line 4.

(/usr/share/texmf-texlive/tex/latex/amsfonts/umsb.fd
File: umsb.fd 2009/06/22 v3.00 AMS symbols B
))
\tf@toc=\write4
\openout4 = `kandi.toc'.

 [2]
Overfull \hbox (18.87862pt too wide) in paragraph at lines 120--121
\OT1/lmr/m/n/10.95 nos-sa tarvit-ti-in su-un-nit-telua sek[]a j[]arjestelm[]all
isi[]a k[]ayt[]ant[]oj[]a. Ti-eto-jenk[]asittely[]a
 []


Overfull \hbox (10.86877pt too wide) in paragraph at lines 122--123
[]\OT1/lmr/m/n/10.95 Ohjelmistojen merk-i-tyk-sen kas-vaes-sa ih-mis-ten ja ti-
etokonei-den vuorovaiku-
 []


Overfull \hbox (10.59753pt too wide) in paragraph at lines 124--125
\OT1/lmr/m/n/10.95 ohjel-moi-jat tekiv[]at usein vaikeasti muutet-tavaa ja yll[
]apidett[]av[]a[]a ohjel-makood-
 []


Overfull \hbox (4.21732pt too wide) in paragraph at lines 126--127
\OT1/lmr/m/n/10.95 tyvist[]a il-mi[]oist[]a. Lait-teis-toille laa-di-tu-il-la l
u-otet-tavu-us-mall-eil-la ei voitu arvioi-
 []

[3]
Overfull \hbox (21.6748pt too wide) in paragraph at lines 134--135
\OT1/lmr/m/n/10.95 tuotan-toon. Tutkimme su-un-nitel-mave-tois-t-en pros-es-si-
mallien ratkaisu-ja haasteisi-
 []


Overfull \hbox (13.76758pt too wide) in paragraph at lines 134--135
\OT1/lmr/m/n/10.95 in. Selvit[]amme miten ket-ter[]at menetelm[]at ovat pyrki-n
eet ratkaise-maan raskaan
 []


Overfull \hbox (3.38936pt too wide) in paragraph at lines 134--135
\OT1/lmr/m/n/10.95 su-un-nit-telu-vai-heen sis[]alt[]avien pros-es-si-mallien h
eikkouk-sia, ohjelmis-to-tuotan-
 []


Overfull \hbox (9.17343pt too wide) in paragraph at lines 138--139
\OT1/lmr/m/n/10.95 ordi-noin-ti-in tai ohjelmis-tol-ta odotet-tuun toimin-nal-l
isu-u-teen li-it-tyen. Ohjelmis-
 []


Overfull \hbox (6.37164pt too wide) in paragraph at lines 138--139
\OT1/lmr/m/n/10.95 henkil[]ost[]on hallinta, pro-jek-tin aikataulu ja taloudel-
liset resurssit, vaa-timusten
 []


Overfull \hbox (2.86911pt too wide) in paragraph at lines 144--145
[]\OT1/lmr/m/n/10.95 Ongelmia saat-taa ai-heut-taa raken-netun j[]arjestelm[]an
 heikko suori-tuskyky.
 []


Overfull \hbox (3.93509pt too wide) in paragraph at lines 150--151
\OT1/lmr/m/n/10.95 T[]ass[]a tutkiel-mas-sa ko-ordi-noin-nil-la tarkoita-mme yk
-sil[]oiden ja ryh-mien v[]alist[]a
 []

[4]
Overfull \hbox (6.9835pt too wide) in paragraph at lines 152--153
\OT1/lmr/m/n/10.95 j[]arjestelmien pe-rus-ta-van-laa-tu-inen om-i-naisu-us on n
i-iden su-uri koko. Yk-sil[]oiden
 []


Overfull \hbox (2.8104pt too wide) in paragraph at lines 158--159
\OT1/lmr/m/n/10.95 van ohjelmis-ton tuot-tami-nen vaatii 1500-sivuisen doku-men
tin, jot-ta ohjelmis-
 []


Overfull \hbox (15.36949pt too wide) in paragraph at lines 160--161
[]\OT1/lmr/m/n/10.95 Suuri kokolu-ok-ka ja ep[]avarmuus oli-si-vat v[]ah[]aisem
pi[]a on-gelmia, jos ohjelmis-
 []


Overfull \hbox (16.26pt too wide) in paragraph at lines 162--163
\OT1/lmr/m/n/10.95 tion ja asi-akkaan v[]aliseen yhteisty[]oh[]on: asi-akkaal-l
a on vaa-timuk-sia ke-hitett[]av[]an
 []

[5]
Overfull \hbox (2.59598pt too wide) in paragraph at lines 168--169
[]\OT1/lmr/m/n/10.95 Muutostarpeiden il-maan-tu-misen to-denn[]ak[]oisyys on su
-urin, kun k[]aytt[]aj[]at
 []


Overfull \hbox (11.94333pt too wide) in paragraph at lines 168--169
\OT1/lmr/m/n/10.95 en-sik-er-taa k[]aytt[]av[]at toimi-vaa ohjelmis-toa. T[]all
[]oin k[]aytt[]aj[]at usein ymm[]art[]av[]at
 []


Overfull \hbox (10.41466pt too wide) in paragraph at lines 170--171
\OT1/lmr/m/n/10.95 j[]alkeen h[]an kir-joit-taa vaa-timuk-set ohjelmis-toarkkit
e-hdeille ja -suunnittelijoille,
 []


Overfull \hbox (26.72632pt too wide) in paragraph at lines 174--175
\OT1/lmr/m/n/10.95 su-un-nit-telus-ta ja vaa-timusm[]a[]arittelyst[]a. Ajatuk-s
e-na on, ett[]a vaa-timusm[]a[]arittelyn
 []


Overfull \hbox (13.76694pt too wide) in paragraph at lines 181--182
\OT1/lmr/m/n/10.95 dytt[]aminen [[]]. In-ter-net li-ike-toim-intaymp[]arist[]on
[]a vahvis-taa ohjelmis-to-tuotan-
 []


Overfull \hbox (9.17435pt too wide) in paragraph at lines 181--182
\OT1/lmr/m/n/10.95 non on-gelmia ko-rosta-mal-la nopeut-ta. Asi-akkail-la on ep
[]atoivoinen ki-ire markki-
 []

[6]
LaTeX Font Info:    Try loading font information for OMS+lmr on input line 188.

 (/usr/share/texmf/tex/latex/lm/omslmr.fd
File: omslmr.fd 2009/10/30 v1.6 Font defs for Latin Modern
)
LaTeX Font Info:    Font shape `OMS/lmr/m/n' in size <10.95> not available
(Font)              Font shape `OMS/lmsy/m/n' tried instead on input line 188.

Overfull \hbox (3.14566pt too wide) in paragraph at lines 189--190
[]\OT1/lmr/m/n/10.95 Jakamalla ohjelmis-to osi-in (mod-u-lar-iza-tion) teknis-e
s-ti, es-imerkik-si olio-
 []


Overfull \hbox (51.99683pt too wide) in paragraph at lines 190--191
[]\OT1/lmr/m/n/10.95 Jakamalla ohjelmis-to-tuotan-toa hallinnol-lis-es-ti: eriy
tt[]am[]all[]a vaa-timusm[]a[]arittelyn,
 []


Overfull \hbox (8.28761pt too wide) in paragraph at lines 196--197
\OT1/lmr/m/n/10.95 ohjelmis-to-tuotan-non haasteisi-in: miten tuot-taa toimi-va
 vaa-timusten mukainen
 []


Overfull \hbox (6.13225pt too wide) in paragraph at lines 196--197
\OT1/lmr/m/n/10.95 ohjelmis-toj[]arjestelm[]a ajal-lisia ja taloudel-lisia resu
rsse-ja ylitt[]am[]att[]a. Ty[]okalut
 []


Overfull \hbox (22.58687pt too wide) in paragraph at lines 198--199
\OT1/lmr/m/n/10.95 miten ohjelmis-to-tuotan-non haas-teet hei-jas-tu-vat ohjelm
is-ton laatu-un. Selvit[]amme
 []


Overfull \hbox (6.76372pt too wide) in paragraph at lines 198--199
\OT1/lmr/m/n/10.95 miten su-un-nitel-mave-toiset menetelm[]at ovat pyrki-neet r
atkaise-maan on-gelmia. 
 []


Overfull \hbox (0.77168pt too wide) in paragraph at lines 202--203
\OT1/lmr/m/n/10.95 Ohjelmistokehitt[]ajien on otet-ta-va laatu huomioon sek[]a 
su-uris-sa mon-imutkai-
 []


Overfull \hbox (22.43532pt too wide) in paragraph at lines 202--203
\OT1/lmr/m/n/10.95 sis-sa ohjelmis-toj[]arjestelmiss[]a ett[]a pieniss[]a su-la
ute-tuis-sa ohjelmis-tois-sa. Ohjelmis-
 []


Overfull \hbox (2.96516pt too wide) in paragraph at lines 204--205
\OT1/lmr/m/n/10.95 bud-jet-tia ylitt[]avi[]a kus-tan-nuk-sia, ja se toimii oike
in sek[]a suorit-taa tehokkaasti
 []


Overfull \hbox (1.24295pt too wide) in paragraph at lines 204--205
\OT1/lmr/m/n/10.95 pok[]aytt[]oinen. Ohjelmis-to voi ol-la tarpeet-toman lait-t
eis-tori-ip-pu-vainen. N[]am[]a
 []

[7]
Overfull \hbox (1.81677pt too wide) in paragraph at lines 219--220
\OT1/lmr/m/n/10.95 kyett[]av[]a yll[]apit[]am[]a[]an vaa-dit-tu suori-tuskyky v
aa-di-tun ajan. K[]aytett[]avyyden
 []


Overfull \hbox (14.62097pt too wide) in paragraph at lines 219--220
\OT1/lmr/m/n/10.95 on vas-tat-ta-va oletet-tua ohjelmis-ton k[]ayt[]ost[]a ai-h
eutu-vaa vaivann[]ak[]o[]a. Tehokku-
 []


Overfull \hbox (6.6403pt too wide) in paragraph at lines 221--222
[]\OT1/lmr/m/n/10.95 Yll[]a maini-tut ISO:n laa-tu-mallin pi-irteist[]a li-it-t
yv[]at k[]aytt[]aj[]an n[]akemykseen
 []


Overfull \hbox (37.6333pt too wide) in paragraph at lines 223--224
[]\OT1/lmr/m/n/10.95 Seuraavaksi tarkastelemme su-un-nitel-mave-toisia menetel-
mi[]a ja ni-iden l[]ahestymis-
 []


Overfull \hbox (21.70074pt too wide) in paragraph at lines 227--228
\OT1/lmr/m/n/10.95 menetelm[]at ovat yk-si-tyisko-htaisia pros-esse-ja, jois-sa
 pain-ote-taan suunnittelua[[]]. 
 []

[8]
Overfull \hbox (7.46352pt too wide) in paragraph at lines 231--232
\OT1/lmr/m/n/10.95 Vesiputousmalli (wa-ter-fall mod-el) on lin-eaari-nen vai-he
esta seu-raavaan etenev[]a
 []


Overfull \hbox (3.30367pt too wide) in paragraph at lines 231--232
\OT1/lmr/m/n/10.95 pros-es-si-malli. Vesiputous-mallis-sa ohjelmis-to-tuotan-to
 koos-t-uu seu-raav-ista vai-
 []


Overfull \hbox (8.2284pt too wide) in paragraph at lines 231--232
\OT1/lmr/m/n/10.95 heista: j[]arjestelm[]an ja ohjelmis-ton vaa-timusm[]a[]arit
tely sek[]a ana-lyysi, ohjelmis-
 []


Overfull \hbox (11.47566pt too wide) in paragraph at lines 233--234
[]\OT1/lmr/m/n/10.95 1970-luvulla vesiputous-malli vaikut-ti su-uresti lin-eaar
isi-in ohjelmis-to-tuotan-
 []


Overfull \hbox (1.62947pt too wide) in paragraph at lines 233--234
\OT1/lmr/m/n/10.95 non su-un-nitel-mave-toisi-in pros-es-si-mallei-hin. Vesiput
ous-mall-in l[]ahestymistapa
 []


Overfull \hbox (0.5572pt too wide) in paragraph at lines 233--234
\OT1/lmr/m/n/10.95 aut-toi pois-ta-maan mo-nia aiem-min ohjelmis-to-tuotan-toa 
vaivan-nei-ta on-gelmia
 []

<waterfall.png, id=204, 686.565pt x 423.5825pt>
File: waterfall.png Graphic file (type png)
 <use waterfall.png> [9 <./waterfall.png>]
Overfull \hbox (4.87468pt too wide) in paragraph at lines 247--248
[]\OT1/lmr/m/n/10.95 Ohjelmointivaiheessa kir-joite-taan ohjel-makoo-di laa-dit
-tu-jen su-un-nitelmien
 []


Overfull \hbox (23.86719pt too wide) in paragraph at lines 247--248
\OT1/lmr/m/n/10.95 pe-rus-teel-la. Tes-taus-vai-heessa varmis-te-taan, ett[]a r
aken-net-tu ohjelmis-toj[]arjestelm[]a
 []


Overfull \hbox (4.03262pt too wide) in paragraph at lines 247--248
\OT1/lmr/m/n/10.95 toimii vaa-timusten mukaan. Toim-intavai-heessa ohjelmis-to 
on lop-puk[]aytt[]ajill[]a
 []


Overfull \hbox (14.73328pt too wide) in paragraph at lines 249--250
[]\OT1/lmr/m/n/10.95 Testauksen tulisi tehd[]a si-ihen erikois-tuneet henkil[]o
t, jot-ka eiv[]at v[]altt[]am[]att[]a
 []


Overfull \hbox (3.53902pt too wide) in paragraph at lines 251--252
[]\OT1/lmr/m/n/10.95 Vesiputousmallissa pain-ote-taan doku-mentin t[]arkeytt[]a
, jot-ta tes-taa-ja voisi
 []


Overfull \hbox (16.25655pt too wide) in paragraph at lines 251--252
\OT1/lmr/m/n/10.95 ilme-nee tes-taus-vai-heessa, ohjelmis-toa k[]aytett[]aess[]
a sek[]a uudelleen su-un-niteltaes-
 []


Overfull \hbox (0.16579pt too wide) in paragraph at lines 251--252
\OT1/lmr/m/n/10.95 tovirheen alku-per[]ainen tek-ij[]a kyke-nee analysoimaan ky
-seess[]a ol-e-van virheen.
 []

[10] <spiral.png, id=228, 1141.26375pt x 994.71625pt>
File: spiral.png Graphic file (type png)
 <use spiral.png>
Overfull \hbox (25.98984pt too wide) in paragraph at lines 276--277
[]\OT1/lmr/m/n/10.95 vaihtoehtoiset to-teu-tus-ta-vat (ohjelmis-ton os-to, ohje
lmis-ton uudelleenk[]aytt[]o,
 []


Overfull \hbox (16.46825pt too wide) in paragraph at lines 277--278
[]\OT1/lmr/m/n/10.95 ohjelmiston eri vai-h-toe-hdoille aset-tamien ra-joit-teet
 (ra-jap-in-nat, aikataulu,
 []

[11 <./spiral.png>]
Overfull \hbox (15.88574pt too wide) in paragraph at lines 284--285
[]\OT1/lmr/m/n/10.95 Riskinhallinta huomioiden voidaan m[]a[]aritell[]a ki-in-n
itett[]av[]a ai-ka ja ty[]om[]a[]ar[]a
 []


Overfull \hbox (6.67033pt too wide) in paragraph at lines 291--292
[]\OT1/lmr/m/n/10.95 Spriraalimallin riskien analysoin-nista huoli-mat-ta, ohje
lmis-ton ke-hi-tyspros-
 []


Overfull \hbox (13.45561pt too wide) in paragraph at lines 293--294
\OT1/lmr/m/n/10.95 menetelm[]at ovat pyrki-neet ratkaise-maan aikaisem-min k[]a
siteltyjen menetelmien
 []


Overfull \hbox (15.85905pt too wide) in paragraph at lines 293--294
\OT1/lmr/m/n/10.95 pu-ut-tei-ta ja miten ket-ter[]at menetelm[]at l[]ahestyv[]a
t ohjelmis-to-tuotan-non haastei-
 []


Overfull \hbox (38.64754pt too wide) in paragraph at lines 297--298
\OT1/lmr/m/n/10.95 hit-tyy uusi-in vaa-timuk-si-in ja muu-tok-si-in mukautuen [
[]]. Per-in-teinen l[]ahestymistapa
 []


Overfull \hbox (17.53389pt too wide) in paragraph at lines 297--298
\OT1/lmr/m/n/10.95 pe-rus-tui ole-tuk-selle, ett[]a aikaisel-la ja t[]aydellise
ll[]a vaa-timusm[]a[]arittelyll[]a voidaan
 []


Overfull \hbox (27.75888pt too wide) in paragraph at lines 297--298
\OT1/lmr/m/n/10.95 pienent[]a[]a kus-tan-nuk-sia v[]ahent[]am[]all[]a muu-tok-s
ia. Nyky[]a[]an muu-tosten kielt[]aminen
 []


Overfull \hbox (16.76712pt too wide) in paragraph at lines 299--300
[]\OT1/lmr/m/n/10.95 Suunnitelmavetoisten pros-es-si-mallien on-gelmien seu-rau
k-se-na use-at ohjelmis-
 []

[12]
Overfull \hbox (6.85373pt too wide) in paragraph at lines 310--311
[]\OT1/lmr/m/n/10.95 Helmikuussa 2001 17 menetelmien ke-hitt[]aj[]a[]a tapasi k
eskustel-lak-seen kevy-
 []


Overfull \hbox (1.16457pt too wide) in paragraph at lines 312--314
\OT1/lmr/m/n/10.95 jat kir-joit-ti-vat ''Man-i-festo for Ag-ile Soft-ware Devel
opment''-julistuksen, mik[]a
 []


Overfull \hbox (8.40508pt too wide) in paragraph at lines 324--325
[]\OT1/lmr/m/n/10.95 Ohjelmistotuotantoprojektit ovat lu-on-teeltaan em-pi-iris
i[]a pros-esse-ja, joiden
 []


Overfull \hbox (2.47421pt too wide) in paragraph at lines 326--327
[]\OT1/lmr/m/n/10.95 Kerromme seu-raavak-si ly-hyesti kahdes-ta ket-ter[]ast[]a
 ke-hi-tys-menetelm[]ast[]a.
 []


Overfull \hbox (6.09386pt too wide) in paragraph at lines 326--327
\OT1/lmr/m/n/10.95 Tutkimme my[]os onko ket-ter-ill[]a menetelmill[]a ohjelmis-
ton laatu-un merkitt[]av[]a[]a
 []

[13]
Overfull \hbox (3.90195pt too wide) in paragraph at lines 330--331
\OT1/lmr/m/n/10.95 XP (Ex-treme Pro-gram-ming) v[]ahent[]a[]a ohjelmis-ton vaa-
timusten muut-tumisen
 []


Overfull \hbox (23.8889pt too wide) in paragraph at lines 338--339
\OT1/lmr/m/n/10.95 Scrum l[]ahestyy ohjelmis-to-tuotan-to-pro-jek-tin mon-imutk
aisu-ut-ta joukol-la yksinker-
 []


Overfull \hbox (15.19745pt too wide) in paragraph at lines 346--347
\OT1/lmr/m/n/10.95 hi-tyspros-essin ajan. Tuo-teomis-ta-ja on vas-tu-us-sa tuot
-teen ke-hi-tysjonon sis[]all[]ost[]a
 []

[14]
Overfull \hbox (12.64297pt too wide) in paragraph at lines 348--349
\OT1/lmr/m/n/10.95 julka-istavak-si tuot-teen toimin-nal-lisu-udek-si. Sprint-i
n teht[]av[]alista on l[]apin[]akyv[]a
 []


Overfull \hbox (8.07431pt too wide) in paragraph at lines 348--349
\OT1/lmr/m/n/10.95 reaali-aikainen ku-vaus ty[]ost[]a, jon-ka ke-hitt[]aj[]atii
mi su-un-nit-telee saa-vansa valmi-
 []


Overfull \hbox (21.39711pt too wide) in paragraph at lines 362--363
\OT1/lmr/m/n/10.95 pidon takaamisek-si on pi-ir-rett[]av[]a[]an kaavioon valit-
ta-va t[]arke[]at asi-at ja v[]altett[]av[]a
 []

[15]
Overfull \hbox (12.41919pt too wide) in paragraph at lines 389--390
[]\OT1/lmr/m/n/10.95 Ketteriss[]a menetelmiss[]a su-un-nit-telua tehd[]a[]an oh
jelmis-toke-hi-tyk-sen aikana:
 []


Overfull \hbox (6.19492pt too wide) in paragraph at lines 389--390
\OT1/lmr/m/n/10.95 rak-en-teeseen li-it-tyv[]a[]a su-un-nit-telua. Ohjelmis-tok
e-hi-tyk-sen aikana ohjel-makoo-
 []

[16]
Overfull \hbox (6.60934pt too wide) in paragraph at lines 397--398
[]\OT1/lmr/m/n/10.95 Tarkkailemalla pois-tet-ta-van ohjel-makood-in m[]a[]ar[]a
[]a, voidaan n[]ahd[]a tapah-
 []


Overfull \hbox (3.15413pt too wide) in paragraph at lines 397--398
\OT1/lmr/m/n/10.95 tuuko tarpeek-si su-un-nit-telua. Ohjelmisto-pro-jek-tis-sa,
 jos-sa tehd[]a[]an ri-itt[]av[]asti
 []


Overfull \hbox (24.07854pt too wide) in paragraph at lines 399--400
\OT1/lmr/m/n/10.95 i-in. Jos ohjel-moi-jat n[]akev[]at toimin-nal-lisu-udelle p
arem-man ratkaisun hyv[]aksytysti
 []


Overfull \hbox (1.3496pt too wide) in paragraph at lines 407--408
[]\OT1/lmr/m/n/10.95 Ketteriss[]a menetelmiss[]a ke-hitt[]ajien on kyett[]av[]a
 tekem[]a[]an kaik-ki tekniset
 []


Overfull \hbox (0.61987pt too wide) in paragraph at lines 409--410
\OT1/lmr/m/n/10.95 p[]a[]aomalle asetet-ta-vat tavoit-teet (ROI) ja julka-is-us
u-un-nitel-mat (re-lese plans)
 []


Overfull \hbox (23.40585pt too wide) in paragraph at lines 411--412
[]\OT1/lmr/m/n/10.95 Kehitt[]aj[]atiimin vas-tu-ul-la on toimin-nal-lisuuk-sien
 ke-hitt[]aminen. Ke-hitt[]aj[]atiimi
 []

[17]
Overfull \hbox (28.93484pt too wide) in paragraph at lines 413--414
[]\OT1/lmr/m/n/10.95 Joka p[]aiv[]a ke-hitt[]aj[]atiimi kokoon-tuu 15 min-uutin
 tapaamiseen - p[]aiv[]apalaveriin
 []


Overfull \hbox (5.63536pt too wide) in paragraph at lines 417--418
[]\OT1/lmr/m/n/10.95 Scrumissa sprint-tikat-sel-muk-sess-sa ti-i-mi esit-telee 
tuo-teomis-ta-jalle ja muille
 []


Overfull \hbox (38.46768pt too wide) in paragraph at lines 417--418
\OT1/lmr/m/n/10.95 halukkaille si-dos-ryh-mille, it-er-aa-tion aikana, ke-hite-
tyt toimin-nal-lisu-udet. Tapaamisen
 []


Overfull \hbox (4.91623pt too wide) in paragraph at lines 423--424
\OT1/lmr/m/n/10.95 toa. T[]am[]a varmis-taa jatku-van in-te-graa-tion (con-tin-
u-os in-te-gra-tion) ja vaakaan
 []


Overfull \hbox (14.679pt too wide) in paragraph at lines 425--426
\OT1/lmr/m/n/10.95 nal-lisu-u-den to-teut-tamiseen. Pari pyrkii mah-dol-lisim-m
an yksinker-taiseen tapaan
 []


Overfull \hbox (1.71448pt too wide) in paragraph at lines 427--428
[]\OT1/lmr/m/n/10.95 Asiakas p[]a[]att[]a[]a miten vaku-ut-taa, ett[]a uusi ta-
ri-na on lis[]atty on-nis-tuneesti
 []


Overfull \hbox (17.418pt too wide) in paragraph at lines 427--428
\OT1/lmr/m/n/10.95 ohjelmis-toon. H[]anen p[]a[]at[]okset, uu-den toimin-nal-li
su-u-den toimivu-ud-es-ta, muute-
 []

[18]
Overfull \hbox (42.65373pt too wide) in paragraph at lines 429--430
[]\OT1/lmr/m/n/10.95 Scrumissa on kaikil-la pro-jek-ti-in os-al-lis-tu-vien on 
yhteis-es-ti so-vit-ta-va m[]a[]aritelm[]ast[]a
 []


Overfull \hbox (18.6333pt too wide) in paragraph at lines 429--430
\OT1/lmr/m/it/10.95 valmis \OT1/lmr/m/n/10.95 (\OT1/lmr/m/it/10.95 done\OT1/lmr
/m/n/10.95 ) toimin-nal-lisu-us, jo-ka vas-taa or-gan-isaa-tion stan-dard-e-ja,
 k[]ayt[]ant[]oj[]a
 []


Overfull \hbox (8.77875pt too wide) in paragraph at lines 429--430
\OT1/lmr/m/n/10.95 on olta-va t[]am[]an so-vi-tun m[]a[]aritelm[]an mukainen. T
[]am[]a tarkoit-taa, ett[]a toimin-
 []


Overfull \hbox (20.17987pt too wide) in paragraph at lines 433--434
\OT1/lmr/m/n/10.95 poikkeaa merkitt[]av[]asti su-un-nitel-mave-toi-sista menete
lmist[]a, jois-sa vas-ta valmista
 []


Overfull \hbox (17.66226pt too wide) in paragraph at lines 435--436
\OT1/lmr/m/n/10.95 oit-ta-vat oikein to-teutetut toimin-nal-lisu-udet. Tes-tive
-toises-sa ke-hi-tyk-sess[]a toimin-
 []


Overfull \hbox (6.7951pt too wide) in paragraph at lines 439--440
\OT1/lmr/m/n/10.95 k[]aviv[]at vuon-na 2003 ohjel-moin-tikurssin nou-dat-taen t
es-tive-toista menetelm[]a[]a.
 []


Overfull \hbox (7.88792pt too wide) in paragraph at lines 441--442
[]\OT1/lmr/m/n/10.95 IBM:n ohjelmis-toke-hi-tys-ryhm[]a kokeili-vat tes-tive-to
ista ke-hi-tys-menetelm[]a[]a,
 []


Overfull \hbox (40.8699pt too wide) in paragraph at lines 441--442
\OT1/lmr/m/n/10.95 kun aikaisem-mat laadun-varmis-tuk-set eiv[]at tuot-ta-neet 
toiv-ot-tua tu-losta. K[]aytt[]am[]all[]a
 []


Overfull \hbox (6.06601pt too wide) in paragraph at lines 445--446
\OT1/lmr/m/n/10.95 lyiss[]a tes-tive-toi-sis-sa ryh-miss[]a os-al-lis-tuneet ol
i-vat lu-ot-tavaisem-pia tekemist[]a[]an
 []

[19]
Overfull \hbox (1.77568pt too wide) in paragraph at lines 451--452
\OT1/lmr/m/n/10.95 par-i-o-hjel-moin-nin sis[]allytt[]aminen ohjelmis-to-tuotan
-toon kaksinker-tais-taa kus-
 []


Overfull \hbox (2.8178pt too wide) in paragraph at lines 451--452
\OT1/lmr/m/n/10.95 tan-nuk-set jos henkil[]ost[]om[]a[]ar[]a[]a on lis[]att[]av
[]a samas-sa suh-teessa. John Nosekin
 []


Overfull \hbox (14.4579pt too wide) in paragraph at lines 455--457
[]\OT1/lmr/m/n/10.95 Koehenkil[]ot valit-ti-in sat-un-nais-es-ti ty[]oskentelem
[]a[]an pare-it-tain te-stiryhm[]a[]an
 []


Overfull \hbox (14.43912pt too wide) in paragraph at lines 455--457
\OT1/lmr/m/n/10.95 Ratkaisu-ista pisteytet-ti-in luet-tavu-us v[]alilt[]a 0-2. 
Lukuar-vo 0 tarkoit-ti lukukelvo-
 []


Overfull \hbox (17.47308pt too wide) in paragraph at lines 460--461
\OT1/lmr/m/n/10.95 opiske-li-jaa muo-dosti kon-trol-liryhm[]an, jos-sa opiske-l
i-jat ty[]oskenteliv[]at it-sen[]aisesti
 []


Overfull \hbox (0.37898pt too wide) in paragraph at lines 460--461
\OT1/lmr/m/n/10.95 suo-ri-u-tu-miseen vaa-dit-tua aikaa, tuot-tavu-ut-ta ja suo
ritet-tu-jen teht[]avien laat-
 []

[20]
Overfull \hbox (25.9277pt too wide) in paragraph at lines 482--483
\OT1/lmr/m/n/10.95 ohjel-moi-jat sanoi-vat, ett[]a pare-it-tain analysoin-ti ja
 su-un-nit-telu on merkitt[]av[]amp[]a[]a
 []


Overfull \hbox (12.42984pt too wide) in paragraph at lines 482--483
\OT1/lmr/m/n/10.95 sil[]ollisesti ru-ti-inite-ht[]avi[]a ja yksinker-taisia ohj
el-makood-e-ja. T[]allaisten teht[]avien
 []


Overfull \hbox (3.0817pt too wide) in paragraph at lines 484--485
[]\OT1/lmr/m/n/10.95 Pareittain ty[]oskentelev[]at tuot-ta-vat luet-tavam-paa o
hjel-makood-ia ja toimi-
 []


Overfull \hbox (1.50923pt too wide) in paragraph at lines 484--485
\OT1/lmr/m/n/10.95 vampia ratkaisu-ja kuin yksin toimi-vat ohjel-moi-jat. Ryh-m
iss[]a toimi-vat ratkai-
 []


Overfull \hbox (2.78647pt too wide) in paragraph at lines 484--485
\OT1/lmr/m/n/10.95 se-vat on-gelmia keskim[]a[]arin no-peam-min kuin yk-sil[]ot
. Lis[]aksi pare-it-tain toimi-
 []

[21]
Overfull \hbox (0.6499pt too wide) in paragraph at lines 494--495
\OT1/lmr/m/n/10.95 isatorisil-la rak-en-teil-la ratkaisu-ja ohjelmis-to-tuotan-
non haasteisi-in ja ohjelmis-
 []

(./kandi.bbl
babelbib: Using the BibTeX style's default font for `name'.
babelbib: Using the BibTeX style's default font for `lastname'.
babelbib: Using the BibTeX style's default font for `title'.
babelbib: Using the BibTeX style's default font for `jtitle'.
babelbib: Using the BibTeX style's default font for `etal'.
babelbib: Using the BibTeX style's default font for `journal'.
babelbib: Using the BibTeX style's default font for `volume'.
babelbib: Using the BibTeX style's default font for `ISBN'.
babelbib: Using the BibTeX style's default font for `ISSN'.
babelbib: Using the BibTeX style's default font for `url'.
babelbib: Using the BibTeX style's default font for `numeral'.
LaTeX Font Info:    Try loading font information for OT1+lmtt on input line 54.

(/usr/share/texmf/tex/latex/lm/ot1lmtt.fd
File: ot1lmtt.fd 2009/10/30 v1.6 Font defs for Latin Modern
) [22] [23]
Underfull \hbox (badness 2790) in paragraph at lines 187--194
[]\OT1/lmr/m/n/10.95 Williams, L. ja A. Cock-burn: \OT1/lmr/m/it/10.95 Ag-ile s
oft-ware de-vel-op-ment: it's
 []


Underfull \hbox (badness 1454) in paragraph at lines 187--194
\OT1/lmr/m/it/10.95 about feed-back and change\OT1/lmr/m/n/10.95 .  Com-put-er,
 36(6):39--43, june 2003,
 []

) [24] (./kandi.aux) ) 
Here is how much of TeX's memory you used:
 6645 strings out of 495061
 91706 string characters out of 1182621
 180952 words of memory out of 3000000
 9597 multiletter control sequences out of 15000+50000
 38402 words of font info for 39 fonts, out of 3000000 for 9000
 28 hyphenation exceptions out of 8191
 38i,9n,36p,789b,528s stack positions out of 5000i,500n,10000p,200000b,50000s
{/usr/share/texmf/fonts/enc/dvips/lm/lm-rmtt.enc}{/usr/sh
are/texmf/fonts/enc/dvips/lm/lm-mathsy.enc}{/usr/share/texmf/fonts/enc/dvips/lm
/lm-rm.enc}</usr/share/texmf-texlive/fonts/type1/public/amsfonts/cm/cmr10.pfb><
/usr/share/texmf/fonts/type1/public/lm/lmbx10.pfb></usr/share/texmf/fonts/type1
/public/lm/lmbx12.pfb></usr/share/texmf/fonts/type1/public/lm/lmr10.pfb></usr/s
hare/texmf/fonts/type1/public/lm/lmr12.pfb></usr/share/texmf/fonts/type1/public
/lm/lmr6.pfb></usr/share/texmf/fonts/type1/public/lm/lmri10.pfb></usr/share/tex
mf/fonts/type1/public/lm/lmsy10.pfb></usr/share/texmf/fonts/type1/public/lm/lmt
t10.pfb>
Output written on kandi.pdf (27 pages, 462880 bytes).
PDF statistics:
 451 PDF objects out of 1000 (max. 8388607)
 74 named destinations out of 1000 (max. 500000)
 147 words of extra memory for PDF output out of 10000 (max. 10000000)

