\BOOKMARK [1][-]{section.1}{Johdanto}{}
\BOOKMARK [1][-]{section.2}{Ohjelmistotuotannon haasteet}{}
\BOOKMARK [2][-]{subsection.2.1}{Koordinointi}{section.2}
\BOOKMARK [2][-]{subsection.2.2}{Muuttuvat vaatimukset}{section.2}
\BOOKMARK [2][-]{subsection.2.3}{Liiketoimintaymp\344rist\366 ja internet}{section.2}
\BOOKMARK [2][-]{subsection.2.4}{Tekninen kehitys}{section.2}
\BOOKMARK [1][-]{section.3}{Ohjelmiston laatu}{}
\BOOKMARK [1][-]{section.4}{Suunnitelmavetoiset menetelm\344t}{}
\BOOKMARK [2][-]{subsection.4.1}{Vesiputousmalli}{section.4}
\BOOKMARK [2][-]{subsection.4.2}{Spiraalimalli}{section.4}
\BOOKMARK [1][-]{section.5}{Ketter\344t kehitysmenetelm\344t}{}
\BOOKMARK [2][-]{subsection.5.1}{Extreme programming}{section.5}
\BOOKMARK [2][-]{subsection.5.2}{Scrum}{section.5}
\BOOKMARK [2][-]{subsection.5.3}{Ohjelmiston suunnittelu ketteriss\344 menetelmiss\344}{section.5}
\BOOKMARK [2][-]{subsection.5.4}{Aikataulu ja budjetti}{section.5}
\BOOKMARK [2][-]{subsection.5.5}{Henkil\366st\366n hallinta ja koordinointi}{section.5}
\BOOKMARK [2][-]{subsection.5.6}{Vaatimusten hallinta ja laatu}{section.5}
\BOOKMARK [2][-]{subsection.5.7}{Ohjelmiston testaus}{section.5}
\BOOKMARK [2][-]{subsection.5.8}{Pariohjelmointi}{section.5}
\BOOKMARK [1][-]{section.6}{Johtop\344\344t\366kset}{}
